<test-run id="2" testcasecount="4" result="Passed" start-time="2024-07-10 15:07:42.421067" end-time="2024-07-10 15:07:42.446234" duration="0" total="4" passed="4" failed="0" inconclusive="0" skipped="0" asserts="0" clr-version="3.11.9 (main, Apr  2 2024, 08:25:04) [Clang 15.0.0 (clang-1500.3.9.4)]" engine-version="3.6.2"><command-line>/opt/homebrew/lib/python3.11/site-packages/pytest/__main__.py -v -s</command-line><filter /><test-suite id="tests/unit/test_area.py" name="tests/unit/test_area.py" fullname="tests/unit/test_area.py" methodname="" classname="" runstate="Runnable" type="Assembly" testcasecount="4" result="Passed" label="" start-time="2024-07-10 15:07:42.443872" end-time="2024-07-10 15:07:42.446109" duration="0.002237" asserts="0" total="4" passed="4" failed="0" warnings="0" inconclusive="0" skipped="0"><properties><property name="python_version" value="3.11.9 (main, Apr  2 2024, 08:25:04) [Clang 15.0.0 (clang-1500.3.9.4)]" /></properties><test-case id="100" name="tests/unit/test_area.py::test_calculate_area_square" fullname="tests/unit/test_area.py::test_calculate_area_square" methodname="test_calculate_area_square" classname="tests/unit/test_area.py" runstate="Runnable" seed="1" result="Passed" label="" start-time="2024-07-10 15:07:42.443872" end-time="2024-07-10 15:07:42.444224" duration="0.000352" asserts="0"><properties><property name="python-version" value="3.11.9 (main, Apr  2 2024, 08:25:04) [Clang 15.0.0 (clang-1500.3.9.4)]" /><property name="fspath" value="tests/unit/test_area.py" /></properties><environment framework-version="3.6.2" clr-version="3.11.9 (main, Apr  2 2024, 08:25:04) [Clang 15.0.0 (clang-1500.3.9.4)]" os-version="23.4.0" platform="Darwin" cwd="/Users/joshigaurav/Library/CloudStorage/OneDrive-TheBostonConsultingGroup,Inc/Desktop/tutorials/demopytest" machine-name="arm64" user="" user-domain="" culture="en-US" uiculture="en-US" os-architecture="64bit" /><failure><message><![CDATA[]]></message><stack-trace><![CDATA[None]]></stack-trace></failure><reason><message><![CDATA[]]></message></reason><output><![CDATA[]]></output></test-case><test-case id="101" name="tests/unit/test_area.py::test_calculate_area_square_negative" fullname="tests/unit/test_area.py::test_calculate_area_square_negative" methodname="test_calculate_area_square_negative" classname="tests/unit/test_area.py" runstate="Runnable" seed="1" result="Passed" label="" start-time="2024-07-10 15:07:42.444556" end-time="2024-07-10 15:07:42.444945" duration="0.000389" asserts="0"><properties><property name="python-version" value="3.11.9 (main, Apr  2 2024, 08:25:04) [Clang 15.0.0 (clang-1500.3.9.4)]" /><property name="fspath" value="tests/unit/test_area.py" /></properties><environment framework-version="3.6.2" clr-version="3.11.9 (main, Apr  2 2024, 08:25:04) [Clang 15.0.0 (clang-1500.3.9.4)]" os-version="23.4.0" platform="Darwin" cwd="/Users/joshigaurav/Library/CloudStorage/OneDrive-TheBostonConsultingGroup,Inc/Desktop/tutorials/demopytest" machine-name="arm64" user="" user-domain="" culture="en-US" uiculture="en-US" os-architecture="64bit" /><failure><message><![CDATA[]]></message><stack-trace><![CDATA[None]]></stack-trace></failure><reason><message><![CDATA[]]></message></reason><output><![CDATA[]]></output></test-case><test-case id="102" name="tests/unit/test_area.py::test_calculate_area_square_string" fullname="tests/unit/test_area.py::test_calculate_area_square_string" methodname="test_calculate_area_square_string" classname="tests/unit/test_area.py" runstate="Runnable" seed="1" result="Passed" label="" start-time="2024-07-10 15:07:42.445229" end-time="2024-07-10 15:07:42.445514" duration="0.000285" asserts="0"><properties><property name="python-version" value="3.11.9 (main, Apr  2 2024, 08:25:04) [Clang 15.0.0 (clang-1500.3.9.4)]" /><property name="fspath" value="tests/unit/test_area.py" /></properties><environment framework-version="3.6.2" clr-version="3.11.9 (main, Apr  2 2024, 08:25:04) [Clang 15.0.0 (clang-1500.3.9.4)]" os-version="23.4.0" platform="Darwin" cwd="/Users/joshigaurav/Library/CloudStorage/OneDrive-TheBostonConsultingGroup,Inc/Desktop/tutorials/demopytest" machine-name="arm64" user="" user-domain="" culture="en-US" uiculture="en-US" os-architecture="64bit" /><failure><message><![CDATA[]]></message><stack-trace><![CDATA[None]]></stack-trace></failure><reason><message><![CDATA[]]></message></reason><output><![CDATA[]]></output></test-case><test-case id="103" name="tests/unit/test_area.py::test_calculate_area_square_list" fullname="tests/unit/test_area.py::test_calculate_area_square_list" methodname="test_calculate_area_square_list" classname="tests/unit/test_area.py" runstate="Runnable" seed="1" result="Passed" label="" start-time="2024-07-10 15:07:42.445770" end-time="2024-07-10 15:07:42.446109" duration="0.000339" asserts="0"><properties><property name="python-version" value="3.11.9 (main, Apr  2 2024, 08:25:04) [Clang 15.0.0 (clang-1500.3.9.4)]" /><property name="fspath" value="tests/unit/test_area.py" /></properties><environment framework-version="3.6.2" clr-version="3.11.9 (main, Apr  2 2024, 08:25:04) [Clang 15.0.0 (clang-1500.3.9.4)]" os-version="23.4.0" platform="Darwin" cwd="/Users/joshigaurav/Library/CloudStorage/OneDrive-TheBostonConsultingGroup,Inc/Desktop/tutorials/demopytest" machine-name="arm64" user="" user-domain="" culture="en-US" uiculture="en-US" os-architecture="64bit" /><failure><message><![CDATA[]]></message><stack-trace><![CDATA[None]]></stack-trace></failure><reason><message><![CDATA[]]></message></reason><output><![CDATA[]]></output></test-case><environment framework-version="3.6.2" clr-version="3.11.9 (main, Apr  2 2024, 08:25:04) [Clang 15.0.0 (clang-1500.3.9.4)]" os-version="23.4.0" platform="Darwin" cwd="/Users/joshigaurav/Library/CloudStorage/OneDrive-TheBostonConsultingGroup,Inc/Desktop/tutorials/demopytest" machine-name="arm64" user="" user-domain="" culture="en-US" uiculture="en-US" os-architecture="64bit" /></test-suite></test-run>